<?xml version="1.0" encoding="UTF-8"?>
<!-- Generated by org.testng.reporters.JUnitXMLReporter -->
<testsuite hostname="DESKTOP-1NB2K1E" ignored="0" name="Test" tests="5" failures="0" timestamp="2020-02-26T19:17:26 EST" time="31.863" errors="0">
  <testcase name="testHomeoriginalval" time="0.472" classname="com.mortgagecalc.TestRefinanceClass"/>
  <testcase name="testHomeoriginalval1" time="0.451" classname="com.mortgagecalc.TestRefinanceClass"/>
  <testcase name="testHomeval1" time="0.193" classname="com.mortgagecalc.testHome"/>
  <testcase name="testHomeval" time="0.12" classname="com.mortgagecalc.testHome"/>
  <testcase name="testgetPreAppB" time="0.001" classname="com.mortgagecalc.testTest"/>
</testsuite> <!-- Test -->
