<?xml version="1.0" encoding="UTF-8"?>
<!-- Generated by org.testng.reporters.JUnitXMLReporter -->
<testsuite hostname="DESKTOP-1NB2K1E" ignored="0" name="login Test" tests="1" failures="1" timestamp="2020-02-01T14:35:47 EST" time="0.026" errors="0">
  <testcase name="negativeLogin" time="0.0" classname="guru99Pages.loginPagedataProvider">
    <failure type="org.testng.TestNGException" message="
Some DataProvider public java.lang.Object[][] guru99Pages.loginPagedataProvider.readData(java.lang.Object[][]) throws org.apache.poi.openxml4j.exceptions.InvalidFormatException,java.io.IOException parameters unresolved:  at 0 type class [[Ljava.lang.Object;
">
      <![CDATA[org.testng.TestNGException: 
Some DataProvider public java.lang.Object[][] guru99Pages.loginPagedataProvider.readData(java.lang.Object[][]) throws org.apache.poi.openxml4j.exceptions.InvalidFormatException,java.io.IOException parameters unresolved:  at 0 type class [[Ljava.lang.Object;

at java.util.ArrayList.forEach(ArrayList.java:1257)
... Removed 25 stack frames]]>
    </failure>
  </testcase> <!-- negativeLogin -->
</testsuite> <!-- login Test -->
