<?xml version="1.0" encoding="UTF-8"?>
<testng-results skipped="0" failed="0" ignored="0" total="2" passed="2">
  <reporter-output>
  </reporter-output>
  <suite name="com.mortgagecalc.TestRefinanceClass" duration-ms="13514" started-at="2020-02-24T16:04:51 EST" finished-at="2020-02-24T16:05:05 EST">
    <groups>
    </groups>
    <test name="Command line test" duration-ms="13514" started-at="2020-02-24T16:04:51 EST" finished-at="2020-02-24T16:05:05 EST">
      <class name="com.mortgagecalc.TestRefinanceClass">
        <test-method status="PASS" signature="setupTest()[pri:0, instance:com.mortgagecalc.TestRefinanceClass@3c0ecd4b]" name="setupTest" is-config="true" duration-ms="5390" started-at="2020-02-24T16:04:51 EST" finished-at="2020-02-24T16:04:57 EST">
          <reporter-output>
          </reporter-output>
        </test-method> <!-- setupTest -->
        <test-method status="PASS" signature="testHomeval()[pri:1, instance:com.mortgagecalc.TestRefinanceClass@3c0ecd4b]" name="testHomeval" duration-ms="504" started-at="2020-02-24T16:04:57 EST" finished-at="2020-02-24T16:04:57 EST">
          <reporter-output>
          </reporter-output>
        </test-method> <!-- testHomeval -->
        <test-method status="PASS" signature="Testcleanup()[pri:0, instance:com.mortgagecalc.TestRefinanceClass@3c0ecd4b]" name="Testcleanup" is-config="true" duration-ms="1465" started-at="2020-02-24T16:04:57 EST" finished-at="2020-02-24T16:04:59 EST">
          <reporter-output>
          </reporter-output>
        </test-method> <!-- Testcleanup -->
        <test-method status="PASS" signature="setupTest()[pri:0, instance:com.mortgagecalc.TestRefinanceClass@3c0ecd4b]" name="setupTest" is-config="true" duration-ms="4005" started-at="2020-02-24T16:04:59 EST" finished-at="2020-02-24T16:05:03 EST">
          <reporter-output>
          </reporter-output>
        </test-method> <!-- setupTest -->
        <test-method status="PASS" signature="testHomeval1()[pri:2, instance:com.mortgagecalc.TestRefinanceClass@3c0ecd4b]" name="testHomeval1" duration-ms="693" started-at="2020-02-24T16:05:03 EST" finished-at="2020-02-24T16:05:03 EST">
          <reporter-output>
          </reporter-output>
        </test-method> <!-- testHomeval1 -->
        <test-method status="PASS" signature="Testcleanup()[pri:0, instance:com.mortgagecalc.TestRefinanceClass@3c0ecd4b]" name="Testcleanup" is-config="true" duration-ms="1427" started-at="2020-02-24T16:05:03 EST" finished-at="2020-02-24T16:05:05 EST">
          <reporter-output>
          </reporter-output>
        </test-method> <!-- Testcleanup -->
      </class> <!-- com.mortgagecalc.TestRefinanceClass -->
    </test> <!-- Command line test -->
  </suite> <!-- com.mortgagecalc.TestRefinanceClass -->
</testng-results>
