<?xml version="1.0" encoding="UTF-8"?>
<testng-results skipped="0" failed="0" ignored="0" total="1" passed="1">
  <reporter-output>
  </reporter-output>
  <suite name="Default suite" duration-ms="13901" started-at="2020-02-11T21:38:23 EST" finished-at="2020-02-11T21:38:37 EST">
    <groups>
    </groups>
    <test name="Default test" duration-ms="13901" started-at="2020-02-11T21:38:23 EST" finished-at="2020-02-11T21:38:37 EST">
      <class name="guru99Project.mngNewCustomerTest">
        <test-method status="PASS" signature="setup()[pri:0, instance:guru99Project.mngNewCustomerTest@35d176f7]" name="setup" is-config="true" duration-ms="7" started-at="2020-02-11T21:38:23 EST" finished-at="2020-02-11T21:38:23 EST">
          <reporter-output>
          </reporter-output>
        </test-method> <!-- setup -->
        <test-method status="PASS" signature="TestnewCustomerLink()[pri:0, instance:guru99Project.mngNewCustomerTest@35d176f7]" name="TestnewCustomerLink" duration-ms="13849" started-at="2020-02-11T21:38:23 EST" finished-at="2020-02-11T21:38:37 EST">
          <reporter-output>
          </reporter-output>
        </test-method> <!-- TestnewCustomerLink -->
      </class> <!-- guru99Project.mngNewCustomerTest -->
    </test> <!-- Default test -->
  </suite> <!-- Default suite -->
</testng-results>
