<?xml version="1.0" encoding="UTF-8"?>
<testng-results skipped="0" failed="0" ignored="0" total="5" passed="5">
  <reporter-output>
  </reporter-output>
  <suite name="Suite" duration-ms="31863" started-at="2020-02-26T19:16:54 EST" finished-at="2020-02-26T19:17:26 EST">
    <groups>
    </groups>
    <test name="Test" duration-ms="31863" started-at="2020-02-26T19:16:54 EST" finished-at="2020-02-26T19:17:26 EST">
      <class name="com.mortgagecalc.TestRefinanceClass">
        <test-method status="PASS" signature="befrotestmethod()[pri:0, instance:com.mortgagecalc.TestRefinanceClass@51cdd8a]" name="befrotestmethod" is-config="true" duration-ms="1" started-at="2020-02-26T19:16:54 EST" finished-at="2020-02-26T19:16:54 EST">
          <reporter-output>
          </reporter-output>
        </test-method> <!-- befrotestmethod -->
        <test-method status="PASS" signature="setupTest()[pri:0, instance:com.mortgagecalc.TestRefinanceClass@51cdd8a]" name="setupTest" is-config="true" duration-ms="6309" started-at="2020-02-26T19:16:54 EST" finished-at="2020-02-26T19:17:01 EST">
          <reporter-output>
          </reporter-output>
        </test-method> <!-- setupTest -->
        <test-method status="PASS" signature="testHomeoriginalval()[pri:1, instance:com.mortgagecalc.TestRefinanceClass@51cdd8a]" name="testHomeoriginalval" duration-ms="472" started-at="2020-02-26T19:17:01 EST" finished-at="2020-02-26T19:17:01 EST">
          <reporter-output>
          </reporter-output>
        </test-method> <!-- testHomeoriginalval -->
        <test-method status="PASS" signature="Testcleanup()[pri:0, instance:com.mortgagecalc.TestRefinanceClass@51cdd8a]" name="Testcleanup" is-config="true" duration-ms="1354" started-at="2020-02-26T19:17:01 EST" finished-at="2020-02-26T19:17:03 EST">
          <reporter-output>
          </reporter-output>
        </test-method> <!-- Testcleanup -->
        <test-method status="PASS" signature="setupTest()[pri:0, instance:com.mortgagecalc.TestRefinanceClass@51cdd8a]" name="setupTest" is-config="true" duration-ms="4947" started-at="2020-02-26T19:17:03 EST" finished-at="2020-02-26T19:17:07 EST">
          <reporter-output>
          </reporter-output>
        </test-method> <!-- setupTest -->
        <test-method status="PASS" signature="testHomeoriginalval1()[pri:2, instance:com.mortgagecalc.TestRefinanceClass@51cdd8a]" name="testHomeoriginalval1" duration-ms="451" started-at="2020-02-26T19:17:07 EST" finished-at="2020-02-26T19:17:08 EST">
          <reporter-output>
          </reporter-output>
        </test-method> <!-- testHomeoriginalval1 -->
        <test-method status="PASS" signature="Testcleanup()[pri:0, instance:com.mortgagecalc.TestRefinanceClass@51cdd8a]" name="Testcleanup" is-config="true" duration-ms="1326" started-at="2020-02-26T19:17:08 EST" finished-at="2020-02-26T19:17:09 EST">
          <reporter-output>
          </reporter-output>
        </test-method> <!-- Testcleanup -->
      </class> <!-- com.mortgagecalc.TestRefinanceClass -->
      <class name="com.mortgagecalc.testHome">
        <test-method status="PASS" signature="abefrotestmethod()[pri:0, instance:com.mortgagecalc.testHome@d44fc21]" name="abefrotestmethod" is-config="true" duration-ms="0" started-at="2020-02-26T19:16:54 EST" finished-at="2020-02-26T19:16:54 EST">
          <reporter-output>
          </reporter-output>
        </test-method> <!-- abefrotestmethod -->
        <test-method status="PASS" signature="abbefrotestmethod()[pri:0, instance:com.mortgagecalc.testHome@d44fc21]" name="abbefrotestmethod" is-config="true" duration-ms="0" started-at="2020-02-26T19:16:54 EST" finished-at="2020-02-26T19:16:54 EST">
          <reporter-output>
          </reporter-output>
        </test-method> <!-- abbefrotestmethod -->
        <test-method status="PASS" signature="setupTest()[pri:0, instance:com.mortgagecalc.testHome@d44fc21]" name="setupTest" is-config="true" duration-ms="6773" started-at="2020-02-26T19:17:09 EST" finished-at="2020-02-26T19:17:16 EST">
          <reporter-output>
          </reporter-output>
        </test-method> <!-- setupTest -->
        <test-method status="PASS" signature="testHomeval1()[pri:1, instance:com.mortgagecalc.testHome@d44fc21]" name="testHomeval1" duration-ms="193" started-at="2020-02-26T19:17:16 EST" finished-at="2020-02-26T19:17:16 EST">
          <reporter-output>
          </reporter-output>
        </test-method> <!-- testHomeval1 -->
        <test-method status="PASS" signature="Testcleanup()[pri:0, instance:com.mortgagecalc.testHome@d44fc21]" name="Testcleanup" is-config="true" duration-ms="93" started-at="2020-02-26T19:17:16 EST" finished-at="2020-02-26T19:17:16 EST">
          <reporter-output>
          </reporter-output>
        </test-method> <!-- Testcleanup -->
        <test-method status="PASS" signature="setupTest()[pri:0, instance:com.mortgagecalc.testHome@d44fc21]" name="setupTest" is-config="true" duration-ms="5630" started-at="2020-02-26T19:17:16 EST" finished-at="2020-02-26T19:17:22 EST">
          <reporter-output>
          </reporter-output>
        </test-method> <!-- setupTest -->
        <test-method status="PASS" signature="testHomeval()[pri:2, instance:com.mortgagecalc.testHome@d44fc21]" name="testHomeval" duration-ms="120" started-at="2020-02-26T19:17:22 EST" finished-at="2020-02-26T19:17:22 EST">
          <reporter-output>
          </reporter-output>
        </test-method> <!-- testHomeval -->
        <test-method status="PASS" signature="Testcleanup()[pri:0, instance:com.mortgagecalc.testHome@d44fc21]" name="Testcleanup" is-config="true" duration-ms="4159" started-at="2020-02-26T19:17:22 EST" finished-at="2020-02-26T19:17:26 EST">
          <reporter-output>
          </reporter-output>
        </test-method> <!-- Testcleanup -->
        <test-method status="PASS" signature="Aftertestmethod()[pri:0, instance:com.mortgagecalc.testHome@d44fc21]" name="Aftertestmethod" is-config="true" duration-ms="0" started-at="2020-02-26T19:17:26 EST" finished-at="2020-02-26T19:17:26 EST">
          <reporter-output>
          </reporter-output>
        </test-method> <!-- Aftertestmethod -->
      </class> <!-- com.mortgagecalc.testHome -->
      <class name="com.mortgagecalc.testTest">
        <test-method status="PASS" signature="beforeSuite()[pri:0, instance:com.mortgagecalc.testTest@7f13d6e]" name="beforeSuite" is-config="true" duration-ms="9" started-at="2020-02-26T19:16:54 EST" finished-at="2020-02-26T19:16:54 EST">
          <reporter-output>
          </reporter-output>
        </test-method> <!-- beforeSuite -->
        <test-method status="PASS" signature="beforeTest()[pri:0, instance:com.mortgagecalc.testTest@7f13d6e]" name="beforeTest" is-config="true" duration-ms="0" started-at="2020-02-26T19:16:54 EST" finished-at="2020-02-26T19:16:54 EST">
          <reporter-output>
          </reporter-output>
        </test-method> <!-- beforeTest -->
        <test-method status="PASS" signature="beforeMethod()[pri:0, instance:com.mortgagecalc.testTest@7f13d6e]" name="beforeMethod" is-config="true" duration-ms="0" started-at="2020-02-26T19:17:26 EST" finished-at="2020-02-26T19:17:26 EST">
          <reporter-output>
          </reporter-output>
        </test-method> <!-- beforeMethod -->
        <test-method status="PASS" signature="beforeclass()[pri:0, instance:com.mortgagecalc.testTest@7f13d6e]" name="beforeclass" is-config="true" duration-ms="0" started-at="2020-02-26T19:17:26 EST" finished-at="2020-02-26T19:17:26 EST">
          <reporter-output>
          </reporter-output>
        </test-method> <!-- beforeclass -->
        <test-method status="PASS" signature="testgetPreAppB()[pri:0, instance:com.mortgagecalc.testTest@7f13d6e]" name="testgetPreAppB" duration-ms="1" started-at="2020-02-26T19:17:26 EST" finished-at="2020-02-26T19:17:26 EST">
          <reporter-output>
          </reporter-output>
        </test-method> <!-- testgetPreAppB -->
      </class> <!-- com.mortgagecalc.testTest -->
    </test> <!-- Test -->
  </suite> <!-- Suite -->
</testng-results>
